[21:29:55] [ServerMain/INFO]: Environment: authHost='https://authserver.mojang.com', accountsHost='https://api.mojang.com', sessionHost='https://sessionserver.mojang.com', servicesHost='https://api.minecraftservices.com', name='PROD'
[21:29:56] [ServerMain/INFO]: Loaded 7 recipes
[21:29:58] [Server thread/INFO]: Starting minecraft server version 1.19.4
[21:29:58] [Server thread/INFO]: Loading properties
[21:29:58] [Server thread/INFO]: This server is running Paper version git-Paper-550 (MC: 1.19.4) (Implementing API version 1.19.4-R0.1-SNAPSHOT) (Git: 483368e on ver/1.19.4)
[21:29:58] [Server thread/INFO]: Server Ping Player Sample Count: 12
[21:29:58] [Server thread/INFO]: Using 4 threads for Netty based IO
[21:29:58] [Server thread/WARN]: [!] The timings profiler has been enabled but has been scheduled for removal from Paper in the future.
    We recommend installing the spark profiler as a replacement: https://spark.lucko.me/
    For more information please visit: https://github.com/PaperMC/Paper/issues/8948
[21:29:58] [Server thread/INFO]: [ChunkTaskScheduler] Chunk system is using 1 I/O threads, 1 worker threads, and gen parallelism of 1 threads
[21:29:59] [Server thread/INFO]: Default game type: SURVIVAL
[21:29:59] [Server thread/INFO]: Generating keypair
[21:29:59] [Server thread/INFO]: Starting Minecraft server on *:25565
[21:29:59] [Server thread/INFO]: Using epoll channel type
[21:29:59] [Server thread/INFO]: Paper: Using libdeflate (Linux x86_64) compression from Velocity.
[21:29:59] [Server thread/INFO]: Paper: Using OpenSSL 1.1.x (Linux x86_64) cipher from Velocity.
[21:29:59] [Server thread/INFO]: Server permissions file permissions.yml is empty, ignoring it
[21:29:59] [Server thread/WARN]: **** SERVER IS RUNNING IN OFFLINE/INSECURE MODE!
[21:29:59] [Server thread/WARN]: The server will make no attempt to authenticate usernames. Beware.
[21:29:59] [Server thread/WARN]: While this makes the game possible to play without internet access, it also opens up the ability for hackers to connect with any username they choose.
[21:29:59] [Server thread/WARN]: To change this, set "online-mode" to "true" in the server.properties file.
[21:29:59] [Server thread/INFO]: Preparing level "world"
[21:29:59] [Server thread/INFO]: Preparing start region for dimension minecraft:overworld
[21:30:00] [Server thread/INFO]: Time elapsed: 213 ms
[21:30:00] [Server thread/INFO]: Preparing start region for dimension minecraft:the_nether
[21:30:00] [Server thread/INFO]: Time elapsed: 47 ms
[21:30:00] [Server thread/INFO]: Preparing start region for dimension minecraft:the_end
[21:30:00] [Server thread/INFO]: Time elapsed: 60 ms
[21:30:00] [Server thread/INFO]: Running delayed init tasks
[21:30:00] [Server thread/INFO]: Done (2.823s)! For help, type "help"
[21:30:00] [Server thread/INFO]: Timings Reset
[21:34:22] [User Authenticator #0/INFO]: UUID of player JamesPSullivan09 is 2291b9d6-eb84-3086-b9e2-75bc2c78ec6e
[21:34:22] [Server thread/INFO]: JamesPSullivan09 joined the game
[21:34:22] [Server thread/INFO]: JamesPSullivan09[/127.169.104.166:51369] logged in with entity id 251 at ([world]10.5, 64.0, -8.5)
[21:35:22] [Server thread/INFO]: Villager EntityVillager['Villager'/208, uuid='145c5995-1ec2-4e29-96b4-30e271ca05bc', l='ServerLevel[world]', x=72.06, y=63.56, z=40.58, cpos=[4, 2], tl=21550, v=true] died, message: 'Villager suffocated in a wall'
[21:37:17] [Server thread/INFO]: JamesPSullivan09 has made the advancement [Ice Bucket Challenge]
[21:41:50] [Server thread/INFO]: JamesPSullivan09 issued server command: /gamemode 0
[21:42:00] [Server thread/INFO]: JamesPSullivan09 has made the advancement [Sweet Dreams]
[21:42:22] [Server thread/INFO]: JamesPSullivan09 burned to death
[21:43:43] [Server thread/INFO]: JamesPSullivan09 has made the advancement [Stone Age]
[21:43:52] [Server thread/INFO]: JamesPSullivan09 has made the advancement [Getting an Upgrade]
